438  [main] INFO  c.example.task19.Task19Application – Starting Task19Application using Java 18 on DESKTOP-NTBA4PB with PID 21632 (C:\Users\May cua Dong\Desktop\JavaShablon-main\task19\target\classes started by May cua Dong in C:\Users\May cua Dong\Desktop\JavaShablon-main)
442  [main] INFO  c.example.task19.Task19Application – No active profile set, falling back to 1 default profile: "default"
658  [main] INFO  o.s.d.r.c.RepositoryConfigurationDelegate – Bootstrapping Spring Data JPA repositories in DEFAULT mode.
686  [main] INFO  o.s.d.r.c.RepositoryConfigurationDelegate – Finished Spring Data repository scanning in 23 ms. Found 2 JPA repository interfaces.
992  [main] INFO  o.s.b.w.e.tomcat.TomcatWebServer – Tomcat initialized with port(s): 8084 (http)
997  [main] INFO  o.a.coyote.http11.Http11NioProtocol – Initializing ProtocolHandler ["http-nio-8084"]
997  [main] INFO  o.a.catalina.core.StandardService – Starting service [Tomcat]
997  [main] INFO  o.a.catalina.core.StandardEngine – Starting Servlet engine: [Apache Tomcat/9.0.58]
1044 [main] INFO  o.a.c.c.C.[Tomcat].[localhost].[/] – Initializing Spring embedded WebApplicationContext
1044 [main] INFO  o.s.b.w.s.c.ServletWebServerApplicationContext – Root WebApplicationContext: initialization completed in 574 ms
1108 [main] INFO  com.zaxxer.hikari.HikariDataSource – HikariPool-1 - Starting...
1195 [main] INFO  com.zaxxer.hikari.HikariDataSource – HikariPool-1 - Start completed.
1220 [main] INFO  o.h.jpa.internal.util.LogHelper – HHH000204: Processing PersistenceUnitInfo [name: default]
1239 [main] INFO  org.hibernate.Version – HHH000412: Hibernate ORM core version 5.6.5.Final
1293 [main] INFO  o.h.annotations.common.Version – HCANN000001: Hibernate Commons Annotations {5.1.2.Final}
1337 [main] INFO  org.hibernate.dialect.Dialect – HHH000400: Using dialect: org.hibernate.dialect.PostgreSQL10Dialect
1591 [main] INFO  o.h.e.t.j.p.i.JtaPlatformInitiator – HHH000490: Using JtaPlatform implementation: [org.hibernate.engine.transaction.jta.platform.internal.NoJtaPlatform]
1595 [main] INFO  o.s.o.j.LocalContainerEntityManagerFactoryBean – Initialized JPA EntityManagerFactory for persistence unit 'default'
1765 [main] WARN  o.s.b.a.o.j.JpaBaseConfiguration$JpaWebConfiguration – spring.jpa.open-in-view is enabled by default. Therefore, database queries may be performed during view rendering. Explicitly configure spring.jpa.open-in-view to disable this warning
1914 [main] INFO  o.a.coyote.http11.Http11NioProtocol – Starting ProtocolHandler ["http-nio-8084"]
1924 [main] INFO  o.s.b.w.e.tomcat.TomcatWebServer – Tomcat started on port(s): 8084 (http) with context path ''
1930 [main] INFO  c.example.task19.Task19Application – Started Task19Application in 1.795 seconds (JVM running for 2.403)
25606 [SpringApplicationShutdownHook] INFO  o.s.o.j.LocalContainerEntityManagerFactoryBean – Closing JPA EntityManagerFactory for persistence unit 'default'
25607 [SpringApplicationShutdownHook] INFO  com.zaxxer.hikari.HikariDataSource – HikariPool-1 - Shutdown initiated...
25608 [SpringApplicationShutdownHook] INFO  com.zaxxer.hikari.HikariDataSource – HikariPool-1 - Shutdown completed.
