446  [main] INFO  c.example.task18.Task18Application – Starting Task18Application using Java 18 on DESKTOP-NTBA4PB with PID 16620 (C:\Users\May cua Dong\Desktop\JavaShablon-main\task18\target\classes started by May cua Dong in C:\Users\May cua Dong\Desktop\JavaShablon-main)
452  [main] INFO  c.example.task18.Task18Application – No active profile set, falling back to 1 default profile: "default"
668  [main] INFO  o.s.d.r.c.RepositoryConfigurationDelegate – Bootstrapping Spring Data JPA repositories in DEFAULT mode.
696  [main] INFO  o.s.d.r.c.RepositoryConfigurationDelegate – Finished Spring Data repository scanning in 23 ms. Found 2 JPA repository interfaces.
1009 [main] INFO  o.s.b.w.e.tomcat.TomcatWebServer – Tomcat initialized with port(s): 8084 (http)
1014 [main] INFO  o.a.coyote.http11.Http11NioProtocol – Initializing ProtocolHandler ["http-nio-8084"]
1014 [main] INFO  o.a.catalina.core.StandardService – Starting service [Tomcat]
1015 [main] INFO  o.a.catalina.core.StandardEngine – Starting Servlet engine: [Apache Tomcat/9.0.58]
1062 [main] INFO  o.a.c.c.C.[Tomcat].[localhost].[/] – Initializing Spring embedded WebApplicationContext
1062 [main] INFO  o.s.b.w.s.c.ServletWebServerApplicationContext – Root WebApplicationContext: initialization completed in 582 ms
1131 [main] INFO  com.zaxxer.hikari.HikariDataSource – HikariPool-1 - Starting...
1224 [main] INFO  com.zaxxer.hikari.HikariDataSource – HikariPool-1 - Start completed.
1249 [main] INFO  o.h.jpa.internal.util.LogHelper – HHH000204: Processing PersistenceUnitInfo [name: default]
1283 [main] INFO  org.hibernate.Version – HHH000412: Hibernate ORM core version 5.6.5.Final
1373 [main] INFO  o.h.annotations.common.Version – HCANN000001: Hibernate Commons Annotations {5.1.2.Final}
1425 [main] INFO  org.hibernate.dialect.Dialect – HHH000400: Using dialect: org.hibernate.dialect.PostgreSQL10Dialect
1717 [main] INFO  o.h.e.t.j.p.i.JtaPlatformInitiator – HHH000490: Using JtaPlatform implementation: [org.hibernate.engine.transaction.jta.platform.internal.NoJtaPlatform]
1721 [main] INFO  o.s.o.j.LocalContainerEntityManagerFactoryBean – Initialized JPA EntityManagerFactory for persistence unit 'default'
1897 [main] WARN  o.s.b.a.o.j.JpaBaseConfiguration$JpaWebConfiguration – spring.jpa.open-in-view is enabled by default. Therefore, database queries may be performed during view rendering. Explicitly configure spring.jpa.open-in-view to disable this warning
2044 [main] INFO  o.a.coyote.http11.Http11NioProtocol – Starting ProtocolHandler ["http-nio-8084"]
2053 [main] INFO  o.s.b.w.e.tomcat.TomcatWebServer – Tomcat started on port(s): 8084 (http) with context path ''
2059 [main] INFO  c.example.task18.Task18Application – Started Task18Application in 1.93 seconds (JVM running for 2.408)
51932 [SpringApplicationShutdownHook] INFO  o.s.o.j.LocalContainerEntityManagerFactoryBean – Closing JPA EntityManagerFactory for persistence unit 'default'
51933 [SpringApplicationShutdownHook] INFO  com.zaxxer.hikari.HikariDataSource – HikariPool-1 - Shutdown initiated...
51934 [SpringApplicationShutdownHook] INFO  com.zaxxer.hikari.HikariDataSource – HikariPool-1 - Shutdown completed.
