376  [main] INFO  c.example.task21.Task21Application – Starting Task21Application using Java 18 on DESKTOP-NTBA4PB with PID 16932 (C:\Users\May cua Dong\Desktop\JavaShablon-main\task21\target\classes started by May cua Dong in C:\Users\May cua Dong\Desktop\JavaShablon-main)
381  [main] INFO  c.example.task21.Task21Application – No active profile set, falling back to 1 default profile: "default"
599  [main] INFO  o.s.d.r.c.RepositoryConfigurationDelegate – Bootstrapping Spring Data JPA repositories in DEFAULT mode.
627  [main] INFO  o.s.d.r.c.RepositoryConfigurationDelegate – Finished Spring Data repository scanning in 23 ms. Found 2 JPA repository interfaces.
984  [main] INFO  o.s.b.w.e.tomcat.TomcatWebServer – Tomcat initialized with port(s): 8084 (http)
988  [main] INFO  o.a.coyote.http11.Http11NioProtocol – Initializing ProtocolHandler ["http-nio-8084"]
988  [main] INFO  o.a.catalina.core.StandardService – Starting service [Tomcat]
989  [main] INFO  o.a.catalina.core.StandardEngine – Starting Servlet engine: [Apache Tomcat/9.0.58]
1037 [main] INFO  o.a.c.c.C.[Tomcat].[localhost].[/] – Initializing Spring embedded WebApplicationContext
1037 [main] INFO  o.s.b.w.s.c.ServletWebServerApplicationContext – Root WebApplicationContext: initialization completed in 631 ms
1106 [main] INFO  com.zaxxer.hikari.HikariDataSource – HikariPool-1 - Starting...
1199 [main] INFO  com.zaxxer.hikari.HikariDataSource – HikariPool-1 - Start completed.
1219 [main] INFO  o.h.jpa.internal.util.LogHelper – HHH000204: Processing PersistenceUnitInfo [name: default]
1238 [main] INFO  org.hibernate.Version – HHH000412: Hibernate ORM core version 5.6.5.Final
1293 [main] INFO  o.h.annotations.common.Version – HCANN000001: Hibernate Commons Annotations {5.1.2.Final}
1341 [main] INFO  org.hibernate.dialect.Dialect – HHH000400: Using dialect: org.hibernate.dialect.PostgreSQL10Dialect
1584 [main] INFO  o.h.e.t.j.p.i.JtaPlatformInitiator – HHH000490: Using JtaPlatform implementation: [org.hibernate.engine.transaction.jta.platform.internal.NoJtaPlatform]
1588 [main] INFO  o.s.o.j.LocalContainerEntityManagerFactoryBean – Initialized JPA EntityManagerFactory for persistence unit 'default'
1805 [main] WARN  o.s.b.a.o.j.JpaBaseConfiguration$JpaWebConfiguration – spring.jpa.open-in-view is enabled by default. Therefore, database queries may be performed during view rendering. Explicitly configure spring.jpa.open-in-view to disable this warning
1974 [main] INFO  o.a.coyote.http11.Http11NioProtocol – Starting ProtocolHandler ["http-nio-8084"]
1984 [main] INFO  o.s.b.w.e.tomcat.TomcatWebServer – Tomcat started on port(s): 8084 (http) with context path ''
1991 [main] INFO  c.example.task21.Task21Application – Started Task21Application in 1.86 seconds (JVM running for 2.387)
121822 [SpringApplicationShutdownHook] INFO  o.s.o.j.LocalContainerEntityManagerFactoryBean – Closing JPA EntityManagerFactory for persistence unit 'default'
121823 [SpringApplicationShutdownHook] INFO  com.zaxxer.hikari.HikariDataSource – HikariPool-1 - Shutdown initiated...
121824 [SpringApplicationShutdownHook] INFO  com.zaxxer.hikari.HikariDataSource – HikariPool-1 - Shutdown completed.
